<?xml version="1.0" encoding="UTF-8"?>
<!-- Generated by org.testng.reporters.JUnitXMLReporter -->
<testsuite ignored="0" hostname="IN-DEEPAK-GUPTA-CYG592" failures="0" tests="8" name="Test" time="63.028" errors="0" timestamp="2024-09-17T11:22:41 IST">
  <testcase classname="testCases.TC_AccountRegister" name="verifyaccountregister" time="3.06"/>
  <testcase classname="testCases.TC002_LoginTest" name="verify_login" time="2.252"/>
  <testcase classname="testCases.TC003_LoginDDT" name="verify_loginDDT" time="6.43"/>
  <testcase classname="testCases.TC003_LoginDDT" name="verify_loginDDT" time="6.773"/>
  <testcase classname="testCases.TC003_LoginDDT" name="verify_loginDDT" time="6.472"/>
  <testcase classname="testCases.TC003_LoginDDT" name="verify_loginDDT" time="4.667"/>
  <testcase classname="testCases.TC003_LoginDDT" name="verify_loginDDT" time="6.723"/>
  <testcase classname="testCases.TC003_LoginDDT" name="verify_loginDDT" time="4.589"/>
</testsuite> <!-- Test -->
